-------------------------------------------------------------------------------
Test set: CucumberRunnerTest
-------------------------------------------------------------------------------
Tests run: 8, Failures: 2, Errors: 0, Skipped: 0, Time elapsed: 27.446 sec <<< FAILURE!
Then the Virtual Tours screen should show(Scenario: Verify that user can go to Virtual Tours page from homepage)  Time elapsed: 0.008 sec  <<< FAILURE!
Element should have text 'imtiz.hossain's Virtual Tours' {#profile-content > div.clearfix.top50 > h1}
Element: '<h1 class="left">imtiaz.hossain's Virtual Tours</h1>'
Screenshot: file:/Users/Rocky/IdeaProjects/YouVisit/build/reports/tests/1447210816515.0.png
Timeout: 4 s.
	at com.codeborne.selenide.impl.AbstractSelenideElement.checkCondition(AbstractSelenideElement.java:554)
	at com.codeborne.selenide.impl.AbstractSelenideElement.should(AbstractSelenideElement.java:521)
	at com.codeborne.selenide.impl.AbstractSelenideElement.invokeShould(AbstractSelenideElement.java:309)
	at com.codeborne.selenide.impl.AbstractSelenideElement.dispatchSelenideMethod(AbstractSelenideElement.java:186)
	at com.codeborne.selenide.impl.AbstractSelenideElement.dispatchAndRetry(AbstractSelenideElement.java:90)
	at com.codeborne.selenide.impl.AbstractSelenideElement.invoke(AbstractSelenideElement.java:65)
	at com.codeborne.selenide.impl.WaitingSelenideElement.invoke(WaitingSelenideElement.java:19)
	at com.sun.proxy.$Proxy12.shouldHave(Unknown Source)
	at stepDefinitions.StepDefinitions.assertVirtualToursScreenShows(StepDefinitions.java:53)
	at ✽.Then the Virtual Tours screen should show(test.feature:11)

Scenario: Verify that user can go to Virtual Tours page from homepage  Time elapsed: 0.009 sec  <<< FAILURE!
Element should have text 'imtiz.hossain's Virtual Tours' {#profile-content > div.clearfix.top50 > h1}
Element: '<h1 class="left">imtiaz.hossain's Virtual Tours</h1>'
Screenshot: file:/Users/Rocky/IdeaProjects/YouVisit/build/reports/tests/1447210816515.0.png
Timeout: 4 s.
	at com.codeborne.selenide.impl.AbstractSelenideElement.checkCondition(AbstractSelenideElement.java:554)
	at com.codeborne.selenide.impl.AbstractSelenideElement.should(AbstractSelenideElement.java:521)
	at com.codeborne.selenide.impl.AbstractSelenideElement.invokeShould(AbstractSelenideElement.java:309)
	at com.codeborne.selenide.impl.AbstractSelenideElement.dispatchSelenideMethod(AbstractSelenideElement.java:186)
	at com.codeborne.selenide.impl.AbstractSelenideElement.dispatchAndRetry(AbstractSelenideElement.java:90)
	at com.codeborne.selenide.impl.AbstractSelenideElement.invoke(AbstractSelenideElement.java:65)
	at com.codeborne.selenide.impl.WaitingSelenideElement.invoke(WaitingSelenideElement.java:19)
	at com.sun.proxy.$Proxy12.shouldHave(Unknown Source)
	at stepDefinitions.StepDefinitions.assertVirtualToursScreenShows(StepDefinitions.java:53)
	at ✽.Then the Virtual Tours screen should show(test.feature:11)

