<?xml version="1.0" encoding="UTF-8" ?>
<testsuite tests="8" failures="2" name="CucumberRunnerTest" time="0.034" errors="0" skipped="0">
  <properties>
[...]
</properties>
  <testcase classname="Scenario: Verify that user can go to Virtual Tours page from homepage" name="Given that user navigates to YouVisit" time="0.003"/>
  <testcase classname="Scenario: Verify that user can go to Virtual Tours page from homepage" name="When the user clicks on the &apos;Create&apos; button" time="0"/>
  <testcase classname="Scenario: Verify that user can go to Virtual Tours page from homepage" name="When the user clicks on the &apos;Get Started&apos; button" time="0"/>
  <testcase classname="Scenario: Verify that user can go to Virtual Tours page from homepage" name="When the user clicks on the &apos;Free - Get Started&apos; button" time="0"/>
  <testcase classname="Scenario: Verify that user can go to Virtual Tours page from homepage" name="When the user clicks log in" time="0"/>
  <testcase classname="Scenario: Verify that user can go to Virtual Tours page from homepage" name="When the user logs in" time="0"/>
  <testcase classname="Scenario: Verify that user can go to Virtual Tours page from homepage" name="Then the Virtual Tours screen should show" time="0.015">
    <failure message="Element should have text &apos;imtiz.hossain&apos;s Virtual Tours&apos; {#profile-content &gt; div.clearfix.top50 &gt; h1}
Element: &apos;&lt;h1 class=&quot;left&quot;&gt;imtiaz.hossain&apos;s Virtual Tours&lt;/h1&gt;&apos;" type="Element should have text &apos;imtiz.hossain&apos;s Virtual Tours&apos; {#profile-content &gt; div.clearfix.top50 &gt; h1}
Element">Element should have text &apos;imtiz.hossain&apos;s Virtual Tours&apos; {#profile-content &gt; div.clearfix.top50 &gt; h1}
Element: &apos;&lt;h1 class=&quot;left&quot;&gt;imtiaz.hossain&apos;s Virtual Tours&lt;/h1&gt;&apos;
Screenshot: file:/Users/Rocky/IdeaProjects/YouVisit/build/reports/tests/1447209332148.0.png
Timeout: 4 s.
	at com.codeborne.selenide.impl.AbstractSelenideElement.checkCondition(AbstractSelenideElement.java:554)
	at com.codeborne.selenide.impl.AbstractSelenideElement.should(AbstractSelenideElement.java:521)
	at com.codeborne.selenide.impl.AbstractSelenideElement.invokeShould(AbstractSelenideElement.java:309)
	at com.codeborne.selenide.impl.AbstractSelenideElement.dispatchSelenideMethod(AbstractSelenideElement.java:186)
	at com.codeborne.selenide.impl.AbstractSelenideElement.dispatchAndRetry(AbstractSelenideElement.java:90)
	at com.codeborne.selenide.impl.AbstractSelenideElement.invoke(AbstractSelenideElement.java:65)
	at com.codeborne.selenide.impl.WaitingSelenideElement.invoke(WaitingSelenideElement.java:19)
	at com.sun.proxy.$Proxy12.shouldHave(Unknown Source)
	at stepDefinitions.StepDefinitions.assertVirtualToursScreenShows(StepDefinitions.java:53)
	at ✽.Then the Virtual Tours screen should show(test.feature:11)
</failure>
  </testcase>
  <testcase classname="Scenario: Verify that user can go to Virtual Tours page from homepage" name="Scenario: Verify that user can go to Virtual Tours page from homepage" time="0.016">
    <failure message="Element should have text &apos;imtiz.hossain&apos;s Virtual Tours&apos; {#profile-content &gt; div.clearfix.top50 &gt; h1}
Element: &apos;&lt;h1 class=&quot;left&quot;&gt;imtiaz.hossain&apos;s Virtual Tours&lt;/h1&gt;&apos;" type="Element should have text &apos;imtiz.hossain&apos;s Virtual Tours&apos; {#profile-content &gt; div.clearfix.top50 &gt; h1}
Element">Element should have text &apos;imtiz.hossain&apos;s Virtual Tours&apos; {#profile-content &gt; div.clearfix.top50 &gt; h1}
Element: &apos;&lt;h1 class=&quot;left&quot;&gt;imtiaz.hossain&apos;s Virtual Tours&lt;/h1&gt;&apos;
Screenshot: file:/Users/Rocky/IdeaProjects/YouVisit/build/reports/tests/1447209332148.0.png
Timeout: 4 s.
	at com.codeborne.selenide.impl.AbstractSelenideElement.checkCondition(AbstractSelenideElement.java:554)
	at com.codeborne.selenide.impl.AbstractSelenideElement.should(AbstractSelenideElement.java:521)
	at com.codeborne.selenide.impl.AbstractSelenideElement.invokeShould(AbstractSelenideElement.java:309)
	at com.codeborne.selenide.impl.AbstractSelenideElement.dispatchSelenideMethod(AbstractSelenideElement.java:186)
	at com.codeborne.selenide.impl.AbstractSelenideElement.dispatchAndRetry(AbstractSelenideElement.java:90)
	at com.codeborne.selenide.impl.AbstractSelenideElement.invoke(AbstractSelenideElement.java:65)
	at com.codeborne.selenide.impl.WaitingSelenideElement.invoke(WaitingSelenideElement.java:19)
	at com.sun.proxy.$Proxy12.shouldHave(Unknown Source)
	at stepDefinitions.StepDefinitions.assertVirtualToursScreenShows(StepDefinitions.java:53)
	at ✽.Then the Virtual Tours screen should show(test.feature:11)
</failure>
  </testcase>
</testsuite>